<?xml version="1.0" encoding="UTF-8" ?>
<testsuites name="vitest tests" tests="2" failures="0" errors="0" time="2.366">
    <testsuite name="src/App.test.jsx" timestamp="2024-11-06T12:52:00.893Z" hostname="eng-tk-lpt-0626" tests="2" failures="0" errors="0" skipped="0" time="0.0834908">
        <testcase classname="src/App.test.jsx" name="App Component &gt; renders the App component with welcome text" time="0.0375935">
        </testcase>
        <testcase classname="src/App.test.jsx" name="App Component &gt; increments counter on button click" time="0.0440861">
        </testcase>
    </testsuite>
</testsuites>
